{"C:\\Users\\Hethini\\Documents\\Estudos de programação\\nodejs-testes\\index.js": {"path":"C:\\Users\\Hethini\\Documents\\Estudos de programação\\nodejs-testes\\index.js","statementMap":{"0":{"start":{"line":5,"column":24},"end":{"line":5,"column":81}},"1":{"start":{"line":5,"column":55},"end":{"line":5,"column":81}},"2":{"start":{"line":6,"column":25},"end":{"line":6,"column":68}},"3":{"start":{"line":6,"column":49},"end":{"line":6,"column":68}},"4":{"start":{"line":8,"column":0},"end":{"line":11,"column":2}}},"fnMap":{"0":{"name":"(anonymous_0)","decl":{"start":{"line":5,"column":24},"end":{"line":5,"column":25}},"loc":{"start":{"line":5,"column":55},"end":{"line":5,"column":81}},"line":5},"1":{"name":"(anonymous_1)","decl":{"start":{"line":6,"column":25},"end":{"line":6,"column":26}},"loc":{"start":{"line":6,"column":49},"end":{"line":6,"column":68}},"line":6}},"branchMap":{},"s":{"0":1,"1":1,"2":1,"3":1,"4":1},"f":{"0":1,"1":1},"b":{},"_coverageSchema":"332fd63041d2c1bcb487cc26dd0d5f7d97098a6c","hash":"38911ca0b21521b81e0a378fe0f9aae34d8ecd54"}
}
